<?xml version="1.0" encoding="UTF-8"?>
<testng-results ignored="0" total="1" passed="1" failed="0" skipped="0">
  <reporter-output>
  </reporter-output>
  <suite started-at="2020-10-18T12:23:50 IST" name="Default suite" finished-at="2020-10-18T12:24:06 IST" duration-ms="16572">
    <groups>
    </groups>
    <test started-at="2020-10-18T12:23:50 IST" name="Default test" finished-at="2020-10-18T12:24:06 IST" duration-ms="16572">
      <class name="runner.TestRunner">
        <test-method is-config="true" signature="setUpClass()[pri:0, instance:runner.TestRunner@58cbafc2]" started-at="2020-10-18T12:23:50 IST" name="setUpClass" finished-at="2020-10-18T12:23:50 IST" duration-ms="260" status="PASS">
          <reporter-output>
          </reporter-output>
        </test-method> <!-- setUpClass -->
        <test-method signature="feature(cucumber.api.testng.CucumberFeatureWrapper)[pri:0, instance:runner.TestRunner@58cbafc2]" started-at="2020-10-18T12:23:50 IST" name="feature" description="Runs Cucumber Feature" data-provider="features" finished-at="2020-10-18T12:24:06 IST" duration-ms="15552" status="PASS">
          <params>
            <param index="0">
              <value>
                <![CDATA[User wants to accept alert and then validate title of the web page]]>
              </value>
            </param>
          </params>
          <reporter-output>
          </reporter-output>
        </test-method> <!-- feature -->
        <test-method is-config="true" signature="tearDownClass()[pri:0, instance:runner.TestRunner@58cbafc2]" started-at="2020-10-18T12:24:06 IST" name="tearDownClass" finished-at="2020-10-18T12:24:06 IST" duration-ms="623" status="PASS">
          <reporter-output>
          </reporter-output>
        </test-method> <!-- tearDownClass -->
      </class> <!-- runner.TestRunner -->
    </test> <!-- Default test -->
  </suite> <!-- Default suite -->
</testng-results>
